<!DOCTYPE html PUBLIC "-//W3C//DTD XHTML 1.1//EN" "http://www.w3.org/TR/xhtml11/DTD/xhtml11.dtd">
<html xmlns="http://www.w3.org/1999/xhtml">
<head>
<meta http-equiv="content-type" content="text/html; charset=UTF-8"/>
<title>TestNG Report</title>
<style type="text/css">table {margin-bottom:10px;border-collapse:collapse;empty-cells:show}th,td {border:1px solid #009;padding:.25em .5em}th {vertical-align:bottom}td {vertical-align:top}table a {font-weight:bold}.stripe td {background-color: #E6EBF9}.num {text-align:right}.passedodd td {background-color: #3F3}.passedeven td {background-color: #0A0}.skippedodd td {background-color: #DDD}.skippedeven td {background-color: #CCC}.failedodd td,.attn {background-color: #F33}.failedeven td,.stripe .attn {background-color: #D00}.stacktrace {white-space:pre;font-family:monospace}.totop {font-size:85%;text-align:center;border-bottom:2px solid #000}.invisible {display:none}</style>
</head>
<body>
<table>
<tr><th>Test</th><th># Passed</th><th># Skipped</th><th># Failed</th><th>Time (ms)</th><th>Included Groups</th><th>Excluded Groups</th></tr>
<tr><th colspan="7">AllTestsSuite</th></tr>
<tr><td><a href="#t0">otherPassInParam</a></td><td class="num">1</td><td class="num">0</td><td class="num">0</td><td class="num">13,945</td><td></td><td></td></tr>
<tr class="stripe"><td><a href="#t1">negativeTests</a></td><td class="num">3</td><td class="num">0</td><td class="num">0</td><td class="num">23,894</td><td></td><td></td></tr>
<tr><td><a href="#t2">PositiveTests</a></td><td class="num">3</td><td class="num">0</td><td class="num attn">2</td><td class="num">33,766</td><td></td><td></td></tr>
<tr><th>Total</th><th class="num">7</th><th class="num">0</th><th class="num attn">2</th><th class="num">71,605</th><th colspan="2"></th></tr>
</table>
<table id='summary'><thead><tr><th>Class</th><th>Method</th><th>Start</th><th>Time (ms)</th></tr></thead><tbody><tr><th colspan="4">AllTestsSuite</th></tr></tbody><tbody id="t0"><tr><th colspan="4">otherPassInParam &#8212; passed</th></tr><tr class="passedeven"><td rowspan="1">test.java.NegativeTests</td><td><a href="#m0">incorrectPassword</a></td><td rowspan="1">1646131829604</td><td rowspan="1">13915</td></tr></tbody>
<tbody id="t1"><tr><th colspan="4">negativeTests &#8212; passed</th></tr><tr class="passedeven"><td rowspan="3">test.java.NegativeTests</td><td><a href="#m1">emptyUsername</a></td><td rowspan="1">1646131829603</td><td rowspan="1">13776</td></tr><tr class="passedeven"><td><a href="#m2">incorrectPassword</a></td><td rowspan="1">1646131843379</td><td rowspan="1">9050</td></tr><tr class="passedeven"><td><a href="#m3">responseTest</a></td><td rowspan="1">1646131852429</td><td rowspan="1">1050</td></tr></tbody>
<tbody id="t2"><tr><th colspan="4">PositiveTests &#8212; failed</th></tr><tr class="failedeven"><td rowspan="2">test.java.PositiveTests</td><td><a href="#m4">login</a></td><td rowspan="1">1646131853609</td><td rowspan="1">4320</td></tr><tr class="failedeven"><td><a href="#m5">requestLoad</a></td><td rowspan="1">1646131857939</td><td rowspan="1">4959</td></tr><tr><th colspan="4">PositiveTests &#8212; passed</th></tr><tr class="passedeven"><td rowspan="3">test.java.PositiveTests</td><td><a href="#m6">contact</a></td><td rowspan="1">1646131844267</td><td rowspan="1">9342</td></tr><tr class="passedeven"><td><a href="#m7">register</a></td><td rowspan="1">1646131829603</td><td rowspan="1">14662</td></tr><tr class="passedeven"><td><a href="#m8">responseTest</a></td><td rowspan="1">1646131862899</td><td rowspan="1">445</td></tr></tbody>
</table>
<h2>otherPassInParam</h2><h3 id="m0">test.java.NegativeTests#incorrectPassword</h3><table class="result"><tr class="param"><th>Parameter #1</th></tr><tr class="param stripe"><td>222</td></tr></table><p class="totop"><a href="#summary">back to summary</a></p>
<h2>negativeTests</h2><h3 id="m1">test.java.NegativeTests#emptyUsername</h3><table class="result"><tr><th class="invisible"/></tr></table><p class="totop"><a href="#summary">back to summary</a></p>
<h3 id="m2">test.java.NegativeTests#incorrectPassword</h3><table class="result"><tr class="param"><th>Parameter #1</th></tr><tr class="param stripe"><td>111</td></tr></table><p class="totop"><a href="#summary">back to summary</a></p>
<h3 id="m3">test.java.NegativeTests#responseTest</h3><table class="result"><tr><th class="invisible"/></tr></table><p class="totop"><a href="#summary">back to summary</a></p>
<h2>PositiveTests</h2><h3 id="m4">test.java.PositiveTests#login</h3><table class="result"><tr><th>Exception</th></tr><tr><td><div class="stacktrace">java.lang.IllegalArgumentException: Keys to send should be a not null CharSequence
	at org.openqa.selenium.remote.RemoteWebElement.sendKeys(RemoteWebElement.java:97)
	at test.java.PositiveTests.login(PositiveTests.java:113)
	at java.base/java.util.concurrent.FutureTask.run(FutureTask.java:264)
	at java.base/java.util.concurrent.ThreadPoolExecutor.runWorker(ThreadPoolExecutor.java:1130)
	at java.base/java.util.concurrent.ThreadPoolExecutor$Worker.run(ThreadPoolExecutor.java:630)
	at java.base/java.lang.Thread.run(Thread.java:832)
... Removed 16 stack frames</div></td></tr></table><p class="totop"><a href="#summary">back to summary</a></p>
<h3 id="m5">test.java.PositiveTests#requestLoad</h3><table class="result"><tr><th>Exception</th></tr><tr><td><div class="stacktrace">org.openqa.selenium.NoSuchElementException: no such element: Unable to locate element: {&quot;method&quot;:&quot;css selector&quot;,&quot;selector&quot;:&quot;#amount&quot;}
  (Session info: chrome=98.0.4758.82)
For documentation on this error, please visit: https://www.seleniumhq.org/exceptions/no_such_element.html
Build info: version: &apos;3.141.59&apos;, revision: &apos;e82be7d358&apos;, time: &apos;2018-11-14T08:17:03&apos;
System info: host: &apos;DESKTOP-D83M5K4&apos;, ip: &apos;192.168.56.1&apos;, os.name: &apos;Windows 10&apos;, os.arch: &apos;amd64&apos;, os.version: &apos;10.0&apos;, java.version: &apos;15.0.1&apos;
Driver info: org.openqa.selenium.chrome.ChromeDriver
Capabilities {acceptInsecureCerts: false, browserName: chrome, browserVersion: 98.0.4758.82, chrome: {chromedriverVersion: 97.0.4692.71 (adefa7837d02a..., userDataDir: C:\Users\07DF~1\AppData\Loc...}, goog:chromeOptions: {debuggerAddress: localhost:57733}, javascriptEnabled: true, networkConnectionEnabled: false, pageLoadStrategy: normal, platform: WINDOWS, platformName: WINDOWS, proxy: Proxy(), setWindowRect: true, strictFileInteractability: false, timeouts: {implicit: 0, pageLoad: 300000, script: 30000}, unhandledPromptBehavior: dismiss and notify, webauthn:extension:credBlob: true, webauthn:extension:largeBlob: true, webauthn:virtualAuthenticators: true}
Session ID: 5be1dd677a62841be5c4dfb694bf06d5
*** Element info: {Using=id, value=amount}
	at org.openqa.selenium.remote.http.W3CHttpResponseCodec.createException(W3CHttpResponseCodec.java:187)
	at org.openqa.selenium.remote.http.W3CHttpResponseCodec.decode(W3CHttpResponseCodec.java:122)
	at org.openqa.selenium.remote.http.W3CHttpResponseCodec.decode(W3CHttpResponseCodec.java:49)
	at org.openqa.selenium.remote.HttpCommandExecutor.execute(HttpCommandExecutor.java:158)
	at org.openqa.selenium.remote.service.DriverCommandExecutor.execute(DriverCommandExecutor.java:83)
	at org.openqa.selenium.remote.RemoteWebDriver.execute(RemoteWebDriver.java:552)
	at org.openqa.selenium.remote.RemoteWebDriver.findElement(RemoteWebDriver.java:323)
	at org.openqa.selenium.remote.RemoteWebDriver.findElementById(RemoteWebDriver.java:372)
	at org.openqa.selenium.By$ById.findElement(By.java:188)
	at org.openqa.selenium.remote.RemoteWebDriver.findElement(RemoteWebDriver.java:315)
	at test.java.PositiveTests.requestLoad(PositiveTests.java:212)
	at java.base/java.util.concurrent.FutureTask.run(FutureTask.java:264)
	at java.base/java.util.concurrent.ThreadPoolExecutor.runWorker(ThreadPoolExecutor.java:1130)
	at java.base/java.util.concurrent.ThreadPoolExecutor$Worker.run(ThreadPoolExecutor.java:630)
	at java.base/java.lang.Thread.run(Thread.java:832)
... Removed 21 stack frames</div></td></tr></table><p class="totop"><a href="#summary">back to summary</a></p>
<h3 id="m6">test.java.PositiveTests#contact</h3><table class="result"><tr><th class="invisible"/></tr></table><p class="totop"><a href="#summary">back to summary</a></p>
<h3 id="m7">test.java.PositiveTests#register</h3><table class="result"><tr><th class="invisible"/></tr></table><p class="totop"><a href="#summary">back to summary</a></p>
<h3 id="m8">test.java.PositiveTests#responseTest</h3><table class="result"><tr><th class="invisible"/></tr></table><p class="totop"><a href="#summary">back to summary</a></p>
</body>
</html>
